TN:
SF:/Users/suozhiqi/Desktop/comp431-frontend/src/Reducers/articleReducer.js
FN:0,(anonymous_1)
FN:0,_toConsumableArray
FN:3,articleReducer
FN:77,(anonymous_4)
FNF:4
FNH:3
FNDA:0,(anonymous_1)
FNDA:2,_toConsumableArray
FNDA:9,articleReducer
FNDA:0,(anonymous_4)
DA:0,2
DA:3,9
DA:10,9
DA:11,9
DA:13,9
DA:15,0
DA:24,1
DA:30,1
DA:37,0
DA:42,1
DA:70,1
DA:76,0
DA:78,0
DA:80,0
DA:84,0
DA:89,5
DA:92,1
LF:17
LH:11
BRDA:0,1,0,1
BRDA:0,1,1,0
BRDA:0,2,0,0
BRDA:0,2,1,0
BRDA:0,3,0,1
BRDA:0,3,1,1
BRDA:3,4,0,2
BRDA:3,4,1,7
BRDA:3,5,0,9
BRDA:3,5,1,9
BRDA:14,6,0,0
BRDA:14,6,1,1
BRDA:14,6,2,1
BRDA:14,6,3,0
BRDA:14,6,4,1
BRDA:14,6,5,1
BRDA:14,6,6,0
BRDA:78,7,0,0
BRDA:78,7,1,0
BRF:19
BRH:14
end_of_record
TN:
SF:/Users/suozhiqi/Desktop/comp431-frontend/src/Reducers/followReducer.js
FN:0,(anonymous_1)
FN:3,followReducer
FNF:2
FNH:2
FNDA:0,(anonymous_1)
FNDA:9,followReducer
DA:0,1
DA:3,9
DA:7,9
DA:8,9
DA:11,0
DA:16,0
DA:20,0
DA:26,9
DA:30,1
LF:9
LH:6
BRDA:0,1,0,1
BRDA:0,1,1,0
BRDA:0,2,0,0
BRDA:0,2,1,0
BRDA:3,3,0,1
BRDA:3,3,1,8
BRDA:3,4,0,9
BRDA:3,4,1,9
BRDA:9,5,0,0
BRDA:9,5,1,0
BRDA:9,5,2,0
BRDA:9,5,3,9
BRF:12
BRH:9
end_of_record
TN:
SF:/Users/suozhiqi/Desktop/comp431-frontend/src/Reducers/headlineReducer.js
FN:4,headlineReducer
FNF:1
FNH:1
FNDA:9,headlineReducer
DA:0,1
DA:1,1
DA:4,9
DA:8,9
DA:9,9
DA:11,0
DA:16,0
DA:21,9
DA:25,1
LF:9
LH:7
BRDA:4,1,0,1
BRDA:4,1,1,8
BRDA:4,2,0,9
BRDA:4,2,1,9
BRDA:10,3,0,0
BRDA:10,3,1,0
BRDA:10,3,2,9
BRF:7
BRH:5
end_of_record
TN:
SF:/Users/suozhiqi/Desktop/comp431-frontend/src/Reducers/locationReducer.js
FN:0,(anonymous_1)
FN:4,locationReducer
FNF:2
FNH:2
FNDA:0,(anonymous_1)
FNDA:9,locationReducer
DA:0,1
DA:4,9
DA:5,9
DA:6,9
DA:9,1
DA:14,0
DA:19,0
DA:24,0
DA:28,8
DA:32,1
LF:10
LH:7
BRDA:0,1,0,1
BRDA:0,1,1,0
BRDA:0,2,0,0
BRDA:0,2,1,0
BRDA:4,3,0,1
BRDA:4,3,1,8
BRDA:4,4,0,9
BRDA:4,4,1,9
BRDA:7,5,0,1
BRDA:7,5,1,0
BRDA:7,5,2,0
BRDA:7,5,3,0
BRDA:7,5,4,8
BRF:13
BRH:10
end_of_record
TN:
SF:/Users/suozhiqi/Desktop/comp431-frontend/src/Reducers/loginReducer.js
FN:0,(anonymous_1)
FN:2,loginReducer
FNF:2
FNH:2
FNDA:0,(anonymous_1)
FNDA:9,loginReducer
DA:0,1
DA:2,9
DA:3,9
DA:4,9
DA:7,1
DA:11,0
DA:15,8
DA:19,1
LF:8
LH:7
BRDA:0,1,0,1
BRDA:0,1,1,0
BRDA:0,2,0,0
BRDA:0,2,1,0
BRDA:2,3,0,1
BRDA:2,3,1,8
BRDA:2,4,0,9
BRDA:2,4,1,9
BRDA:5,5,0,1
BRDA:5,5,1,0
BRDA:5,5,2,8
BRF:11
BRH:10
end_of_record
TN:
SF:/Users/suozhiqi/Desktop/comp431-frontend/src/Reducers/registerReducer.js
FN:0,(anonymous_1)
FN:3,registerReducer
FNF:2
FNH:2
FNDA:0,(anonymous_1)
FNDA:9,registerReducer
DA:0,1
DA:3,9
DA:6,9
DA:7,9
DA:10,0
DA:14,1
DA:25,0
DA:30,0
DA:37,0
DA:41,0
DA:51,8
DA:55,1
LF:12
LH:7
BRDA:0,1,0,1
BRDA:0,1,1,0
BRDA:0,2,0,0
BRDA:0,2,1,0
BRDA:3,3,0,1
BRDA:3,3,1,8
BRDA:3,4,0,9
BRDA:3,4,1,9
BRDA:8,5,0,0
BRDA:8,5,1,1
BRDA:8,5,2,0
BRDA:8,5,3,0
BRDA:8,5,4,0
BRDA:8,5,5,0
BRDA:8,5,6,8
BRF:15
BRH:10
end_of_record
TN:
SF:/Users/suozhiqi/Desktop/comp431-frontend/src/actions.js
FN:0,_interopRequireDefault
FN:8,resource
FN:20,(anonymous_3)
FNF:3
FNH:3
FNDA:2,_interopRequireDefault
FNDA:1,resource
FNDA:1,(anonymous_3)
DA:0,2
DA:1,1
DA:2,1
DA:6,1
DA:8,1
DA:9,1
DA:17,1
DA:19,1
DA:21,1
DA:22,1
DA:25,0
DA:26,0
LF:12
LH:10
BRDA:0,1,0,0
BRDA:0,1,1,2
BRDA:0,2,0,2
BRDA:0,2,1,2
BRDA:17,3,0,1
BRDA:17,3,1,0
BRDA:21,4,0,1
BRDA:21,4,1,0
BRDA:22,5,0,1
BRDA:22,5,1,0
BRF:10
BRH:7
end_of_record
TN:
SF:/Users/suozhiqi/Desktop/comp431-frontend/src/actions.spec.js
FN:0,_interopRequireDefault
FN:14,(anonymous_2)
FN:18,(anonymous_3)
FN:27,(anonymous_4)
FN:34,(anonymous_5)
FN:41,(anonymous_6)
FN:46,(anonymous_7)
FN:47,(anonymous_8)
FN:54,(anonymous_9)
FN:66,(anonymous_10)
FN:74,(anonymous_11)
FN:83,(anonymous_12)
FN:106,(anonymous_13)
FNF:13
FNH:10
FNDA:2,_interopRequireDefault
FNDA:1,(anonymous_2)
FNDA:6,(anonymous_3)
FNDA:6,(anonymous_4)
FNDA:1,(anonymous_5)
FNDA:0,(anonymous_6)
FNDA:1,(anonymous_7)
FNDA:0,(anonymous_8)
FNDA:1,(anonymous_9)
FNDA:0,(anonymous_10)
FNDA:1,(anonymous_11)
FNDA:1,(anonymous_12)
FNDA:1,(anonymous_13)
DA:0,2
DA:1,1
DA:2,1
DA:3,1
DA:4,1
DA:5,1
DA:7,1
DA:8,1
DA:14,1
DA:16,1
DA:18,1
DA:19,6
DA:20,0
DA:21,0
DA:22,0
DA:23,0
DA:27,1
DA:28,6
DA:29,0
DA:30,0
DA:34,1
DA:35,1
DA:41,1
DA:42,0
DA:46,1
DA:47,1
DA:48,0
DA:54,1
DA:56,1
DA:57,1
DA:59,1
DA:65,1
DA:67,0
DA:68,0
DA:74,1
DA:75,1
DA:79,1
DA:83,1
DA:84,1
DA:95,1
DA:106,1
DA:107,1
DA:108,1
DA:109,1
LF:44
LH:34
BRDA:0,1,0,0
BRDA:0,1,1,2
BRDA:0,2,0,2
BRDA:0,2,1,2
BRDA:19,3,0,0
BRDA:19,3,1,6
BRDA:28,4,0,0
BRDA:28,4,1,6
BRF:8
BRH:6
end_of_record
TN:
SF:/Users/suozhiqi/Desktop/comp431-frontend/src/components/auth/authactions.js
FN:0,_interopRequireDefault
FN:11,initVisit
FN:12,(anonymous_3)
FN:14,(anonymous_4)
FN:26,(anonymous_5)
FN:32,updateError
FN:39,register
FN:63,setLogin
FN:71,(anonymous_9)
FN:74,(anonymous_10)
FN:77,(anonymous_11)
FN:85,setUserName
FNF:12
FNH:3
FNDA:1,_interopRequireDefault
FNDA:0,initVisit
FNDA:0,(anonymous_3)
FNDA:0,(anonymous_4)
FNDA:0,(anonymous_5)
FNDA:1,updateError
FNDA:1,register
FNDA:0,setLogin
FNDA:0,(anonymous_9)
FNDA:0,(anonymous_10)
FNDA:0,(anonymous_11)
FNDA:0,setUserName
DA:0,1
DA:1,1
DA:2,1
DA:3,1
DA:4,1
DA:5,1
DA:6,1
DA:11,1
DA:12,0
DA:13,0
DA:15,0
DA:20,0
DA:21,0
DA:22,0
DA:23,0
DA:24,0
DA:27,0
DA:32,1
DA:33,1
DA:39,1
DA:40,1
DA:41,0
DA:47,1
DA:63,1
DA:64,0
DA:65,0
DA:71,0
DA:73,0
DA:75,0
DA:76,0
DA:78,0
DA:79,0
DA:85,1
DA:87,0
LF:34
LH:15
BRDA:0,1,0,0
BRDA:0,1,1,1
BRDA:0,2,0,1
BRDA:0,2,1,1
BRDA:40,3,0,0
BRDA:40,3,1,1
BRDA:64,4,0,0
BRDA:64,4,1,0
BRF:8
BRH:5
end_of_record
TN:
SF:/Users/suozhiqi/Desktop/comp431-frontend/src/components/main/mainactions.js
FN:0,_interopRequireDefault
FN:7,getFollowers
FN:9,(anonymous_3)
FN:14,(anonymous_4)
FN:19,(anonymous_5)
FN:23,(anonymous_6)
FN:24,(anonymous_7)
FN:33,(anonymous_8)
FN:34,(anonymous_9)
FN:42,(anonymous_10)
FN:45,(anonymous_11)
FN:51,unfollow
FN:55,AddFollower
FN:60,addNewPost
FN:64,(anonymous_15)
FN:66,(anonymous_16)
FN:77,navToProfile
FN:83,ToLanding
FN:88,navToLanding
FN:89,(anonymous_20)
FN:91,(anonymous_21)
FN:93,(anonymous_22)
FN:100,updateHeadline
FN:101,(anonymous_24)
FN:107,(anonymous_25)
FNF:25
FNH:6
FNDA:1,_interopRequireDefault
FNDA:0,getFollowers
FNDA:0,(anonymous_3)
FNDA:0,(anonymous_4)
FNDA:0,(anonymous_5)
FNDA:0,(anonymous_6)
FNDA:0,(anonymous_7)
FNDA:0,(anonymous_8)
FNDA:0,(anonymous_9)
FNDA:0,(anonymous_10)
FNDA:0,(anonymous_11)
FNDA:0,unfollow
FNDA:0,AddFollower
FNDA:1,addNewPost
FNDA:1,(anonymous_15)
FNDA:1,(anonymous_16)
FNDA:1,navToProfile
FNDA:1,ToLanding
FNDA:0,navToLanding
FNDA:0,(anonymous_20)
FNDA:0,(anonymous_21)
FNDA:0,(anonymous_22)
FNDA:0,updateHeadline
FNDA:0,(anonymous_24)
FNDA:0,(anonymous_25)
DA:0,1
DA:1,1
DA:2,1
DA:3,1
DA:7,1
DA:9,0
DA:10,0
DA:11,0
DA:13,0
DA:15,0
DA:16,0
DA:19,0
DA:20,0
DA:22,0
DA:24,0
DA:25,0
DA:26,0
DA:27,0
DA:32,0
DA:34,0
DA:35,0
DA:36,0
DA:37,0
DA:42,0
DA:43,0
DA:46,0
DA:51,1
DA:52,0
DA:55,1
DA:56,0
DA:60,1
DA:61,1
DA:64,1
DA:65,1
DA:67,1
DA:77,1
DA:78,1
DA:83,1
DA:84,1
DA:88,1
DA:89,0
DA:90,0
DA:92,0
DA:94,0
DA:95,0
DA:100,1
DA:101,0
DA:102,0
DA:105,0
DA:106,0
DA:108,0
LF:51
LH:18
BRDA:0,1,0,0
BRDA:0,1,1,1
BRDA:0,2,0,1
BRDA:0,2,1,1
BRDA:10,3,0,0
BRDA:10,3,1,0
BRDA:10,4,0,0
BRDA:10,4,1,0
BRDA:13,5,0,0
BRDA:13,5,1,0
BRDA:13,6,0,0
BRDA:13,6,1,0
BRDA:15,7,0,0
BRDA:15,7,1,0
BRDA:15,8,0,0
BRDA:15,8,1,0
BRDA:26,9,0,0
BRDA:26,9,1,0
BRDA:36,10,0,0
BRDA:36,10,1,0
BRDA:105,11,0,0
BRDA:105,11,1,0
BRF:22
BRH:4
end_of_record
TN:
SF:/Users/suozhiqi/Desktop/comp431-frontend/src/components/article/articleactions.js
FN:0,_interopRequireDefault
FN:0,_toConsumableArray
FN:7,searchArticle
FN:14,updateSearch
FN:15,(anonymous_5)
FN:16,(anonymous_6)
FN:31,updateCommStatus
FN:40,getArticles
FN:42,(anonymous_9)
FN:45,(anonymous_10)
FN:46,(anonymous_11)
FN:51,(anonymous_12)
FN:56,(anonymous_13)
FN:57,(anonymous_14)
FN:57,(anonymous_15)
FN:59,(anonymous_16)
FN:63,(anonymous_17)
FN:64,(anonymous_18)
FN:71,(anonymous_19)
FNF:19
FNH:2
FNDA:1,_interopRequireDefault
FNDA:0,_toConsumableArray
FNDA:0,searchArticle
FNDA:0,updateSearch
FNDA:0,(anonymous_5)
FNDA:0,(anonymous_6)
FNDA:0,updateCommStatus
FNDA:0,getArticles
FNDA:0,(anonymous_9)
FNDA:0,(anonymous_10)
FNDA:0,(anonymous_11)
FNDA:0,(anonymous_12)
FNDA:0,(anonymous_13)
FNDA:0,(anonymous_14)
FNDA:0,(anonymous_15)
FNDA:0,(anonymous_16)
FNDA:0,(anonymous_17)
FNDA:0,(anonymous_18)
FNDA:0,(anonymous_19)
DA:0,1
DA:1,1
DA:2,1
DA:3,1
DA:7,1
DA:8,0
DA:14,1
DA:15,0
DA:16,0
DA:17,0
DA:18,0
DA:22,0
DA:31,1
DA:32,0
DA:40,1
DA:42,0
DA:44,0
DA:46,0
DA:47,0
DA:48,0
DA:51,0
DA:53,0
DA:55,0
DA:56,0
DA:57,0
DA:58,0
DA:59,0
DA:61,0
DA:62,0
DA:64,0
DA:65,0
DA:67,0
DA:72,0
LF:33
LH:8
BRDA:0,1,0,0
BRDA:0,1,1,1
BRDA:0,2,0,1
BRDA:0,2,1,1
BRDA:0,3,0,0
BRDA:0,3,1,0
BRDA:17,4,0,0
BRDA:17,4,1,0
BRDA:18,5,0,0
BRDA:18,5,1,0
BRDA:61,6,0,0
BRDA:61,6,1,0
BRF:12
BRH:6
end_of_record
TN:
SF:/Users/suozhiqi/Desktop/comp431-frontend/src/components/profile/profileActions.js
FN:0,_interopRequireDefault
FN:6,update
FN:11,(anonymous_3)
FN:14,(anonymous_4)
FN:20,(anonymous_5)
FN:26,(anonymous_6)
FN:33,getProfile
FN:35,(anonymous_8)
FN:38,(anonymous_9)
FN:43,(anonymous_10)
FN:48,(anonymous_11)
FN:55,(anonymous_12)
FN:66,navToMain
FNF:13
FNH:2
FNDA:1,_interopRequireDefault
FNDA:0,update
FNDA:0,(anonymous_3)
FNDA:0,(anonymous_4)
FNDA:0,(anonymous_5)
FNDA:0,(anonymous_6)
FNDA:0,getProfile
FNDA:0,(anonymous_8)
FNDA:0,(anonymous_9)
FNDA:0,(anonymous_10)
FNDA:0,(anonymous_11)
FNDA:0,(anonymous_12)
FNDA:1,navToMain
DA:0,1
DA:1,1
DA:2,1
DA:3,1
DA:6,1
DA:7,0
DA:8,0
DA:11,0
DA:12,0
DA:13,0
DA:15,0
DA:18,0
DA:19,0
DA:21,0
DA:24,0
DA:25,0
DA:27,0
DA:33,1
DA:35,0
DA:36,0
DA:37,0
DA:40,0
DA:42,0
DA:45,0
DA:47,0
DA:49,0
DA:50,0
DA:52,0
DA:55,0
DA:56,0
DA:66,1
DA:67,1
LF:32
LH:8
BRDA:0,1,0,0
BRDA:0,1,1,1
BRDA:0,2,0,1
BRDA:0,2,1,1
BRDA:7,3,0,0
BRDA:7,3,1,0
BRDA:12,4,0,0
BRDA:12,4,1,0
BRDA:18,5,0,0
BRDA:18,5,1,0
BRDA:24,6,0,0
BRDA:24,6,1,0
BRF:12
BRH:4
end_of_record
TN:
SF:/Users/suozhiqi/Desktop/comp431-frontend/src/components/app.js
FN:0,_interopRequireDefault
FN:14,App
FN:27,(anonymous_3)
FNF:3
FNH:1
FNDA:4,_interopRequireDefault
FNDA:0,App
FNDA:0,(anonymous_3)
DA:0,4
DA:1,1
DA:2,1
DA:3,1
DA:4,1
DA:5,1
DA:10,1
DA:11,1
DA:12,1
DA:14,1
DA:15,0
DA:16,0
DA:18,0
DA:19,0
DA:22,0
DA:26,1
DA:28,0
LF:17
LH:11
BRDA:0,1,0,3
BRDA:0,1,1,1
BRDA:0,2,0,4
BRDA:0,2,1,4
BRDA:15,3,0,0
BRDA:15,3,1,0
BRDA:18,4,0,0
BRDA:18,4,1,0
BRF:8
BRH:4
end_of_record
TN:
SF:/Users/suozhiqi/Desktop/comp431-frontend/src/components/auth/landing.js
FN:0,_interopRequireDefault
FN:6,Landing
FNF:2
FNH:1
FNDA:3,_interopRequireDefault
FNDA:0,Landing
DA:0,3
DA:1,1
DA:2,1
DA:3,1
DA:6,1
DA:8,0
DA:21,1
LF:7
LH:6
BRDA:0,1,0,2
BRDA:0,1,1,1
BRDA:0,2,0,3
BRDA:0,2,1,3
BRF:4
BRH:4
end_of_record
TN:
SF:/Users/suozhiqi/Desktop/comp431-frontend/src/components/auth/login.js
FN:0,_interopRequireDefault
FN:9,Login
FN:17,ref
FN:21,ref
FN:26,onClick
FN:36,validate
FN:48,(anonymous_7)
FN:53,(anonymous_8)
FN:55,setLogin
FNF:9
FNH:1
FNDA:1,_interopRequireDefault
FNDA:0,Login
FNDA:0,ref
FNDA:0,ref
FNDA:0,onClick
FNDA:0,validate
FNDA:0,(anonymous_7)
FNDA:0,(anonymous_8)
FNDA:0,setLogin
DA:0,1
DA:1,1
DA:2,1
DA:3,1
DA:7,1
DA:9,1
DA:11,0
DA:17,0
DA:21,0
DA:26,0
DA:36,1
DA:37,0
DA:38,0
DA:41,0
DA:43,0
DA:44,0
DA:47,1
DA:49,0
DA:54,0
DA:55,0
LF:20
LH:8
BRDA:0,1,0,0
BRDA:0,1,1,1
BRDA:0,2,0,1
BRDA:0,2,1,1
BRDA:37,3,0,0
BRDA:37,3,1,0
BRDA:37,4,0,0
BRDA:37,4,1,0
BRF:8
BRH:4
end_of_record
TN:
SF:/Users/suozhiqi/Desktop/comp431-frontend/src/components/auth/register.js
FN:0,_interopRequireDefault
FN:6,Register
FN:11,onSubmit
FN:27,ref
FN:32,ref
FN:37,ref
FN:41,ref
FN:46,ref
FN:50,ref
FN:55,ref
FN:59,ref
FN:71,(anonymous_12)
FNF:12
FNH:1
FNDA:1,_interopRequireDefault
FNDA:0,Register
FNDA:0,onSubmit
FNDA:0,ref
FNDA:0,ref
FNDA:0,ref
FNDA:0,ref
FNDA:0,ref
FNDA:0,ref
FNDA:0,ref
FNDA:0,ref
FNDA:0,(anonymous_12)
DA:0,1
DA:1,1
DA:2,1
DA:3,1
DA:6,1
DA:9,0
DA:12,0
DA:13,0
DA:23,0
DA:27,0
DA:32,0
DA:37,0
DA:41,0
DA:46,0
DA:50,0
DA:55,0
DA:59,0
DA:70,1
DA:72,0
LF:19
LH:6
BRDA:0,1,0,0
BRDA:0,1,1,1
BRDA:0,2,0,1
BRDA:0,2,1,1
BRF:4
BRH:4
end_of_record
TN:
SF:/Users/suozhiqi/Desktop/comp431-frontend/src/components/main/main.js
FN:0,_interopRequireDefault
FN:8,MainPage
FNF:2
FNH:1
FNDA:5,_interopRequireDefault
FNDA:0,MainPage
DA:0,5
DA:1,1
DA:2,1
DA:3,1
DA:4,1
DA:5,1
DA:8,1
DA:10,0
DA:26,1
LF:9
LH:8
BRDA:0,1,0,4
BRDA:0,1,1,1
BRDA:0,2,0,5
BRDA:0,2,1,5
BRF:4
BRH:4
end_of_record
TN:
SF:/Users/suozhiqi/Desktop/comp431-frontend/src/components/main/nav.js
FN:0,_interopRequireDefault
FN:11,Navbar
FN:18,onClick
FN:20,onClick
FN:29,ref
FN:31,onClick
FN:41,(anonymous_7)
FN:47,(anonymous_8)
FN:49,navToProfile
FN:50,navToLanding
FN:51,updateHeadline
FNF:11
FNH:1
FNDA:1,_interopRequireDefault
FNDA:0,Navbar
FNDA:0,onClick
FNDA:0,onClick
FNDA:0,ref
FNDA:0,onClick
FNDA:0,(anonymous_7)
FNDA:0,(anonymous_8)
FNDA:0,navToProfile
FNDA:0,navToLanding
FNDA:0,updateHeadline
DA:0,1
DA:1,1
DA:2,1
DA:3,1
DA:7,1
DA:11,1
DA:12,0
DA:15,0
DA:18,0
DA:20,0
DA:29,0
DA:32,0
DA:33,0
DA:40,1
DA:42,0
DA:48,0
DA:49,0
DA:50,0
DA:51,0
LF:19
LH:7
BRDA:0,1,0,0
BRDA:0,1,1,1
BRDA:0,2,0,1
BRDA:0,2,1,1
BRF:4
BRH:4
end_of_record
TN:
SF:/Users/suozhiqi/Desktop/comp431-frontend/src/components/main/headline.js
FN:0,_interopRequireDefault
FN:0,_defineProperty
FN:6,Headline
FN:18,ref
FN:26,onClick
FN:27,onClick
FN:37,(anonymous_7)
FN:42,(anonymous_8)
FN:44,addNewPost
FNF:9
FNH:2
FNDA:1,_interopRequireDefault
FNDA:0,_defineProperty
FNDA:0,Headline
FNDA:0,ref
FNDA:0,onClick
FNDA:0,onClick
FNDA:0,(anonymous_7)
FNDA:0,(anonymous_8)
FNDA:0,addNewPost
DA:0,1
DA:1,1
DA:2,1
DA:3,1
DA:6,1
DA:7,0
DA:10,0
DA:18,0
DA:26,0
DA:28,0
DA:29,0
DA:36,1
DA:38,0
DA:43,0
DA:44,0
LF:15
LH:6
BRDA:0,1,0,0
BRDA:0,1,1,1
BRDA:0,2,0,1
BRDA:0,2,1,1
BRDA:0,3,0,0
BRDA:0,3,1,0
BRF:6
BRH:6
end_of_record
TN:
SF:/Users/suozhiqi/Desktop/comp431-frontend/src/components/main/following.js
FN:0,_interopRequireDefault
FN:7,Following
FN:15,(anonymous_3)
FN:15,(anonymous_4)
FN:23,ref
FN:26,onClick
FN:37,(anonymous_7)
FN:43,(anonymous_8)
FN:45,AddFollower
FNF:9
FNH:1
FNDA:2,_interopRequireDefault
FNDA:0,Following
FNDA:0,(anonymous_3)
FNDA:0,(anonymous_4)
FNDA:0,ref
FNDA:0,onClick
FNDA:0,(anonymous_7)
FNDA:0,(anonymous_8)
FNDA:0,AddFollower
DA:0,2
DA:1,1
DA:2,1
DA:3,1
DA:4,1
DA:7,1
DA:8,0
DA:11,0
DA:15,0
DA:16,0
DA:23,0
DA:27,0
DA:28,0
DA:36,1
DA:38,0
DA:44,0
DA:45,0
LF:17
LH:7
BRDA:0,1,0,1
BRDA:0,1,1,1
BRDA:0,2,0,2
BRDA:0,2,1,2
BRF:4
BRH:4
end_of_record
TN:
SF:/Users/suozhiqi/Desktop/comp431-frontend/src/components/main/eachfollower.js
FN:0,_interopRequireDefault
FN:6,EachFollower
FN:13,onClick
FN:20,(anonymous_4)
FN:22,unfollow
FNF:5
FNH:1
FNDA:1,_interopRequireDefault
FNDA:0,EachFollower
FNDA:0,onClick
FNDA:0,(anonymous_4)
FNDA:0,unfollow
DA:0,1
DA:1,1
DA:2,1
DA:3,1
DA:6,1
DA:8,0
DA:13,0
DA:18,1
DA:21,0
DA:22,0
LF:10
LH:6
BRDA:0,1,0,0
BRDA:0,1,1,1
BRDA:0,2,0,1
BRDA:0,2,1,1
BRF:4
BRH:4
end_of_record
TN:
SF:/Users/suozhiqi/Desktop/comp431-frontend/src/components/article/article.js
FN:0,_interopRequireDefault
FN:8,Article
FN:20,ref
FN:20,onChange
FN:27,(anonymous_5)
FN:27,(anonymous_6)
FN:29,(anonymous_7)
FN:46,(anonymous_8)
FN:51,(anonymous_9)
FN:53,searchArticle
FN:54,updateSearch
FNF:11
FNH:5
FNDA:2,_interopRequireDefault
FNDA:1,Article
FNDA:0,ref
FNDA:0,onChange
FNDA:2,(anonymous_5)
FNDA:1,(anonymous_6)
FNDA:2,(anonymous_7)
FNDA:0,(anonymous_8)
FNDA:0,(anonymous_9)
FNDA:0,searchArticle
FNDA:0,updateSearch
DA:0,2
DA:1,1
DA:2,1
DA:3,1
DA:4,1
DA:8,1
DA:9,1
DA:12,1
DA:20,0
DA:21,0
DA:22,0
DA:27,2
DA:28,1
DA:31,2
DA:45,1
DA:47,0
DA:52,0
DA:53,0
DA:54,0
LF:19
LH:12
BRDA:0,1,0,1
BRDA:0,1,1,1
BRDA:0,2,0,2
BRDA:0,2,1,2
BRDA:28,3,0,1
BRDA:28,3,1,0
BRF:6
BRH:5
end_of_record
TN:
SF:/Users/suozhiqi/Desktop/comp431-frontend/src/components/article/articlesView.js
FN:0,_interopRequireDefault
FN:7,ArticleView
FN:25,onClick
FN:34,(anonymous_4)
FN:36,(anonymous_5)
FN:49,(anonymous_6)
FN:51,updateCommStatus
FNF:7
FNH:1
FNDA:2,_interopRequireDefault
FNDA:0,ArticleView
FNDA:0,onClick
FNDA:0,(anonymous_4)
FNDA:0,(anonymous_5)
FNDA:0,(anonymous_6)
FNDA:0,updateCommStatus
DA:0,2
DA:1,1
DA:2,1
DA:3,1
DA:4,1
DA:7,1
DA:8,0
DA:9,0
DA:10,0
DA:11,0
DA:14,0
DA:26,0
DA:27,0
DA:35,0
DA:37,0
DA:47,1
DA:50,0
DA:51,0
LF:18
LH:7
BRDA:0,1,0,1
BRDA:0,1,1,1
BRDA:0,2,0,2
BRDA:0,2,1,2
BRDA:28,3,0,0
BRDA:28,3,1,0
BRDA:33,4,0,0
BRDA:33,4,1,0
BRDA:35,5,0,0
BRDA:35,5,1,0
BRF:10
BRH:4
end_of_record
TN:
SF:/Users/suozhiqi/Desktop/comp431-frontend/src/components/article/comment.js
FN:0,_interopRequireDefault
FN:5,Comment
FNF:2
FNH:1
FNDA:1,_interopRequireDefault
FNDA:0,Comment
DA:0,1
DA:1,1
DA:2,1
DA:5,1
DA:6,0
DA:7,0
DA:8,0
DA:10,0
DA:19,1
LF:9
LH:5
BRDA:0,1,0,0
BRDA:0,1,1,1
BRDA:0,2,0,1
BRDA:0,2,1,1
BRF:4
BRH:4
end_of_record
TN:
SF:/Users/suozhiqi/Desktop/comp431-frontend/src/components/profile/profile.js
FN:0,_interopRequireDefault
FN:7,Profile
FNF:2
FNH:1
FNDA:4,_interopRequireDefault
FNDA:0,Profile
DA:0,4
DA:1,1
DA:2,1
DA:3,1
DA:4,1
DA:7,1
DA:9,0
DA:29,1
LF:8
LH:7
BRDA:0,1,0,3
BRDA:0,1,1,1
BRDA:0,2,0,4
BRDA:0,2,1,4
BRF:4
BRH:4
end_of_record
TN:
SF:/Users/suozhiqi/Desktop/comp431-frontend/src/components/profile/avatar.js
FN:0,_interopRequireDefault
FN:8,Avatar
FN:14,onClick
FN:30,(anonymous_4)
FN:32,navToMain
FNF:5
FNH:1
FNDA:1,_interopRequireDefault
FNDA:0,Avatar
FNDA:0,onClick
FNDA:0,(anonymous_4)
FNDA:0,navToMain
DA:0,1
DA:1,1
DA:2,1
DA:3,1
DA:4,1
DA:8,1
DA:10,0
DA:14,0
DA:28,1
DA:31,0
DA:32,0
LF:11
LH:7
BRDA:0,1,0,0
BRDA:0,1,1,1
BRDA:0,2,0,1
BRDA:0,2,1,1
BRF:4
BRH:4
end_of_record
TN:
SF:/Users/suozhiqi/Desktop/comp431-frontend/src/components/profile/currentInfo.js
FN:0,_interopRequireDefault
FN:5,CurrentInfo
FN:19,(anonymous_3)
FNF:3
FNH:1
FNDA:1,_interopRequireDefault
FNDA:0,CurrentInfo
FNDA:0,(anonymous_3)
DA:0,1
DA:1,1
DA:2,1
DA:5,1
DA:7,0
DA:18,1
DA:20,0
LF:7
LH:5
BRDA:0,1,0,0
BRDA:0,1,1,1
BRDA:0,2,0,1
BRDA:0,2,1,1
BRF:4
BRH:4
end_of_record
TN:
SF:/Users/suozhiqi/Desktop/comp431-frontend/src/components/profile/profileForm.js
FN:0,_interopRequireDefault
FN:6,UpdateInfo
FN:10,onSubmit
FN:29,ref
FN:34,ref
FN:38,ref
FN:42,ref
FN:46,ref
FN:58,(anonymous_9)
FNF:9
FNH:1
FNDA:1,_interopRequireDefault
FNDA:0,UpdateInfo
FNDA:0,onSubmit
FNDA:0,ref
FNDA:0,ref
FNDA:0,ref
FNDA:0,ref
FNDA:0,ref
FNDA:0,(anonymous_9)
DA:0,1
DA:1,1
DA:2,1
DA:3,1
DA:6,1
DA:8,0
DA:11,0
DA:12,0
DA:19,0
DA:20,0
DA:21,0
DA:22,0
DA:23,0
DA:24,0
DA:25,0
DA:29,0
DA:34,0
DA:38,0
DA:42,0
DA:46,0
DA:57,1
DA:59,0
LF:22
LH:6
BRDA:0,1,0,0
BRDA:0,1,1,1
BRDA:0,2,0,1
BRDA:0,2,1,1
BRDA:20,3,0,0
BRDA:20,3,1,0
BRF:6
BRH:4
end_of_record
TN:
SF:/Users/suozhiqi/Desktop/comp431-frontend/src/components/article/article.spec.js
FN:0,_interopRequireDefault
FN:10,(anonymous_2)
FN:13,(anonymous_3)
FN:24,(anonymous_4)
FN:31,(anonymous_5)
FN:38,searchArticle
FN:38,updateSearch
FN:45,(anonymous_8)
FN:73,(anonymous_9)
FNF:9
FNH:7
FNDA:3,_interopRequireDefault
FNDA:1,(anonymous_2)
FNDA:2,(anonymous_3)
FNDA:2,(anonymous_4)
FNDA:1,(anonymous_5)
FNDA:0,searchArticle
FNDA:0,updateSearch
FNDA:1,(anonymous_8)
FNDA:1,(anonymous_9)
DA:0,3
DA:2,1
DA:3,1
DA:4,1
DA:5,1
DA:6,1
DA:7,1
DA:8,1
DA:10,1
DA:12,1
DA:13,1
DA:14,2
DA:15,0
DA:16,0
DA:17,0
DA:20,2
DA:21,2
DA:24,1
DA:25,2
DA:26,0
DA:27,0
DA:31,1
DA:32,1
DA:37,1
DA:38,0
DA:40,1
DA:41,1
DA:45,1
DA:46,1
DA:59,1
DA:60,1
DA:62,1
DA:72,1
DA:74,1
DA:75,1
DA:76,1
DA:77,1
DA:78,1
LF:38
LH:32
BRDA:0,1,0,0
BRDA:0,1,1,3
BRDA:0,2,0,3
BRDA:0,2,1,3
BRDA:14,3,0,0
BRDA:14,3,1,2
BRDA:25,4,0,0
BRDA:25,4,1,2
BRF:8
BRH:6
end_of_record
TN:
SF:/Users/suozhiqi/Desktop/comp431-frontend/src/components/article/articleactions.spec.js
FN:0,_interopRequireDefault
FN:7,(anonymous_2)
FN:11,(anonymous_3)
FN:23,(anonymous_4)
FN:31,(anonymous_5)
FN:41,(anonymous_6)
FN:42,(anonymous_7)
FN:48,(anonymous_8)
FN:54,(anonymous_9)
FNF:9
FNH:6
FNDA:2,_interopRequireDefault
FNDA:1,(anonymous_2)
FNDA:2,(anonymous_3)
FNDA:2,(anonymous_4)
FNDA:1,(anonymous_5)
FNDA:0,(anonymous_6)
FNDA:0,(anonymous_7)
FNDA:0,(anonymous_8)
FNDA:1,(anonymous_9)
DA:0,2
DA:1,1
DA:2,1
DA:3,1
DA:4,1
DA:7,1
DA:9,1
DA:11,1
DA:12,2
DA:14,0
DA:15,0
DA:16,0
DA:17,0
DA:18,0
DA:19,0
DA:23,1
DA:24,2
DA:25,0
DA:26,0
DA:31,1
DA:33,1
DA:34,1
DA:41,1
DA:42,0
DA:43,0
DA:48,0
DA:54,1
DA:55,1
DA:56,1
LF:29
LH:18
BRDA:0,1,0,0
BRDA:0,1,1,2
BRDA:0,2,0,2
BRDA:0,2,1,2
BRDA:12,3,0,0
BRDA:12,3,1,2
BRDA:24,4,0,0
BRDA:24,4,1,2
BRDA:43,5,0,0
BRDA:43,5,1,0
BRF:10
BRH:6
end_of_record
TN:
SF:/Users/suozhiqi/Desktop/comp431-frontend/src/components/auth/authactions.spec.js
FN:0,_interopRequireDefault
FN:7,(anonymous_2)
FN:10,(anonymous_3)
FN:23,(anonymous_4)
FN:31,(anonymous_5)
FN:47,(anonymous_6)
FN:60,(anonymous_7)
FN:75,(anonymous_8)
FN:82,(anonymous_9)
FN:92,(anonymous_10)
FNF:10
FNH:7
FNDA:2,_interopRequireDefault
FNDA:1,(anonymous_2)
FNDA:3,(anonymous_3)
FNDA:3,(anonymous_4)
FNDA:1,(anonymous_5)
FNDA:0,(anonymous_6)
FNDA:1,(anonymous_7)
FNDA:0,(anonymous_8)
FNDA:1,(anonymous_9)
FNDA:0,(anonymous_10)
DA:0,2
DA:1,1
DA:2,1
DA:3,1
DA:4,1
DA:7,1
DA:9,1
DA:10,1
DA:11,3
DA:12,0
DA:13,0
DA:14,0
DA:15,0
DA:16,0
DA:17,0
DA:18,0
DA:23,1
DA:24,3
DA:25,0
DA:26,0
DA:31,1
DA:33,1
DA:34,1
DA:37,1
DA:43,1
DA:44,1
DA:46,1
DA:48,0
DA:49,0
DA:50,0
DA:51,0
DA:60,1
DA:62,1
DA:63,1
DA:66,1
DA:74,1
DA:76,0
DA:82,1
DA:83,1
DA:89,1
DA:92,1
DA:93,0
DA:94,0
DA:95,0
LF:44
LH:27
BRDA:0,1,0,0
BRDA:0,1,1,2
BRDA:0,2,0,2
BRDA:0,2,1,2
BRDA:11,3,0,0
BRDA:11,3,1,3
BRDA:24,4,0,0
BRDA:24,4,1,3
BRDA:48,5,0,0
BRDA:48,5,1,0
BRF:10
BRH:6
end_of_record
TN:
SF:/Users/suozhiqi/Desktop/comp431-frontend/src/components/profile/profileActions.spec.js
FN:0,_interopRequireDefault
FN:6,(anonymous_2)
FN:9,(anonymous_3)
FN:21,(anonymous_4)
FN:28,(anonymous_5)
FN:48,(anonymous_6)
FN:55,(anonymous_7)
FN:68,(anonymous_8)
FNF:8
FNH:6
FNDA:2,_interopRequireDefault
FNDA:1,(anonymous_2)
FNDA:2,(anonymous_3)
FNDA:2,(anonymous_4)
FNDA:1,(anonymous_5)
FNDA:0,(anonymous_6)
FNDA:1,(anonymous_7)
FNDA:0,(anonymous_8)
DA:0,2
DA:1,1
DA:2,1
DA:3,1
DA:4,1
DA:6,1
DA:8,1
DA:9,1
DA:10,2
DA:11,0
DA:12,0
DA:13,0
DA:14,0
DA:15,0
DA:16,0
DA:17,0
DA:21,1
DA:22,2
DA:23,0
DA:24,0
DA:28,1
DA:29,1
DA:35,1
DA:41,1
DA:48,1
DA:49,0
DA:55,1
DA:57,1
DA:59,1
DA:65,1
DA:66,1
DA:67,1
DA:69,0
DA:70,0
DA:71,0
DA:72,0
LF:36
LH:22
BRDA:0,1,0,0
BRDA:0,1,1,2
BRDA:0,2,0,2
BRDA:0,2,1,2
BRDA:10,3,0,0
BRDA:10,3,1,2
BRDA:22,4,0,0
BRDA:22,4,1,2
BRF:8
BRH:6
end_of_record
TN:
SF:/Users/suozhiqi/Desktop/comp431-frontend/src/reducer.js
FN:0,_interopRequireDefault
FNF:1
FNH:1
FNDA:6,_interopRequireDefault
DA:0,6
DA:1,1
DA:2,1
DA:3,1
DA:4,1
DA:5,1
DA:6,1
DA:7,1
DA:10,1
DA:20,1
LF:10
LH:10
BRDA:0,1,0,6
BRDA:0,1,1,0
BRDA:0,2,0,6
BRDA:0,2,1,6
BRF:4
BRH:4
end_of_record
TN:
SF:/Users/suozhiqi/Desktop/comp431-frontend/src/reducer.spec.js
FN:0,(anonymous_1)
FN:0,_interopRequireDefault
FN:29,(anonymous_3)
FN:30,(anonymous_4)
FN:34,(anonymous_5)
FN:63,(anonymous_6)
FN:72,(anonymous_7)
FN:88,(anonymous_8)
FN:96,(anonymous_9)
FNF:9
FNH:9
FNDA:0,(anonymous_1)
FNDA:3,_interopRequireDefault
FNDA:1,(anonymous_3)
FNDA:1,(anonymous_4)
FNDA:1,(anonymous_5)
FNDA:1,(anonymous_6)
FNDA:1,(anonymous_7)
FNDA:1,(anonymous_8)
FNDA:1,(anonymous_9)
DA:0,3
DA:1,1
DA:2,1
DA:3,1
DA:4,1
DA:5,1
DA:8,1
DA:29,1
DA:30,1
DA:31,1
DA:34,1
DA:35,1
DA:36,1
DA:63,1
DA:64,1
DA:65,1
DA:72,1
DA:73,1
DA:74,1
DA:88,1
DA:89,1
DA:90,1
DA:96,1
DA:97,1
DA:98,1
DA:103,1
DA:106,1
DA:126,1
LF:28
LH:28
BRDA:0,1,0,1
BRDA:0,1,1,0
BRDA:0,2,0,0
BRDA:0,2,1,0
BRDA:0,3,0,1
BRDA:0,3,1,2
BRDA:0,4,0,3
BRDA:0,4,1,3
BRF:8
BRH:8
end_of_record
