
> starter@1.0.0 e2e:base /Users/suozhiqi/Desktop/531frontend
> mocha --opts e2e/mocha.opts e2e/*.spec.js "--reporter" "xunit"

<testsuite name="Mocha Tests" tests="13" failures="0" errors="0" skipped="0" timestamp="Wed, 05 Apr 2017 18:00:06 GMT" time="26.348">
<testcase classname="Test main page functions" name="should log in as the test user" time="0.525"/>
<testcase classname="Test main page functions" name="should post a new article" time="1.302"/>
<testcase classname="Test main page functions" name="should edit an article and validate the article text has updated" time="1.361"/>
<testcase classname="Test main page functions" name="should update the status headline and verify the change" time="1.973"/>
<testcase classname="Test main page functions" name="should count the number of followed users" time="0.526"/>
<testcase classname="Test main page functions" name="should add the user &quot;Follower&quot; to the list of followed users and verify the count increases by one" time="0.744"/>
<testcase classname="Test main page functions" name="should remove the user &quot;Follower&quot; from the list of followed users and verify the count decreases by one" time="0.602"/>
<testcase classname="Test main page functions" name="Search for &quot;Only One Article Like This&quot; and verify only one article shows, and verify the author" time="1.546"/>
<testcase classname="Test main page functions" name="should navigate to the profile view, Update the user's email and verify" time="2.214"/>
<testcase classname="Test main page functions" name="should navigate to the profile view, Update the user's zipcode and verify" time="1.339"/>
<testcase classname="Test main page functions" name="should navigate to the profile view, Update the password, verify a &quot;will not change&quot; message is returned" time="0.864"/>
<testcase classname="Test New User Registeration" name="should successfully register" time="2.585"/>
<testcase classname="shutdown" name="now" time="0.083"/>
</testsuite>
